\BOOKMARK [1][-]{section.1}{Introduction}{}% 1
\BOOKMARK [1][-]{section.2}{Example Usage Scenario}{}% 2
\BOOKMARK [1][-]{section.3}{System Implementation}{}% 3
\BOOKMARK [2][-]{subsection.3.1}{Extraction Formulas}{section.3}% 4
\BOOKMARK [2][-]{subsection.3.2}{Wrapper Induction}{section.3}% 5
\BOOKMARK [3][-]{subsubsection.3.2.1}{Determining Row Elements}{subsection.3.2}% 6
\BOOKMARK [3][-]{subsubsection.3.2.2}{Synthesizing CSS Selectors For Column Values}{subsection.3.2}% 7
\BOOKMARK [1][-]{section.4}{Evaluation}{}% 8
\BOOKMARK [2][-]{subsection.4.1}{Case Studies}{section.4}% 9
\BOOKMARK [3][-]{table.1}{Successful Applications}{subsection.4.1}% 10
\BOOKMARK [3][-]{subsubsection.4.1.2}{Limitations}{subsection.4.1}% 11
\BOOKMARK [2][-]{subsection.4.2}{User Study}{section.4}% 12
\BOOKMARK [3][-]{subsubsection.4.2.1}{Participants}{subsection.4.2}% 13
\BOOKMARK [3][-]{subsubsection.4.2.2}{Protocol}{subsection.4.2}% 14
\BOOKMARK [3][-]{subsubsection.4.2.3}{Results}{subsection.4.2}% 15
\BOOKMARK [2][-]{subsection.4.3}{Cognitive Dimensions Analysis}{section.4}% 16
\BOOKMARK [1][-]{section.5}{Related Work}{}% 17
\BOOKMARK [2][-]{subsection.5.1}{End-user Web Customization}{section.5}% 18
\BOOKMARK [2][-]{subsection.5.2}{End-user Web Scraping and Program Synthesis}{section.5}% 19
\BOOKMARK [1][-]{section.6}{Conclusion And Future Work}{}% 20
